FmRadio/proguard/seeds.txt
com.sunteam.fmradio.R$array
com.sunteam.fmradio.R$array: int commoncmd_list
com.sunteam.fmradio.R$array: int fm_audio_chirp
com.sunteam.fmradio.R$array: int fm_audio_chirp_vals
com.sunteam.fmradio.R$array: int fm_audio_modes
com.sunteam.fmradio.R$array: int fm_audio_modes_vals
com.sunteam.fmradio.R$array: int fm_audio_path
com.sunteam.fmradio.R$array: int fm_audio_path_vals
com.sunteam.fmradio.R$array: int fm_bandwidth
com.sunteam.fmradio.R$array: int fm_bandwidth_vals
com.sunteam.fmradio.R$array: int fm_deemphasis_times
com.sunteam.fmradio.R$array: int fm_deemphasis_times_vals
com.sunteam.fmradio.R$array: int fm_interface_notification
com.sunteam.fmradio.R$array: int fm_interface_notification_vals
com.sunteam.fmradio.R$array: int fm_live_polling_intervals
com.sunteam.fmradio.R$array: int fm_live_polling_intervals_vals
com.sunteam.fmradio.R$array: int fm_nfl_modes
com.sunteam.fmradio.R$array: int fm_nfl_modes_vals
com.sunteam.fmradio.R$array: int fm_preemphasis_times
com.sunteam.fmradio.R$array: int fm_preemphasis_times_vals
com.sunteam.fmradio.R$array: int fm_rds_modes
com.sunteam.fmradio.R$array: int fm_rds_modes_vals
com.sunteam.fmradio.R$array: int fm_rds_pty_names
com.sunteam.fmradio.R$array: int fm_scan_steps
com.sunteam.fmradio.R$array: int fm_scan_steps_vals
com.sunteam.fmradio.R$array: int fm_setting_list
com.sunteam.fmradio.R$array: int fm_transmit_audio_modes
com.sunteam.fmradio.R$array: int fm_transmit_audio_modes_vals
com.sunteam.fmradio.R$attr
com.sunteam.fmradio.R$attr: R$attr()
com.sunteam.fmradio.R$color
com.sunteam.fmradio.R$color: int bg_color
com.sunteam.fmradio.R$color: int bg_popwindow
com.sunteam.fmradio.R$color: int bg_white
com.sunteam.fmradio.R$color: int black
com.sunteam.fmradio.R$color: int blue
com.sunteam.fmradio.R$color: int bottom_line
com.sunteam.fmradio.R$color: int contents_text
com.sunteam.fmradio.R$color: int encode_view
com.sunteam.fmradio.R$color: int green
com.sunteam.fmradio.R$color: int green_center
com.sunteam.fmradio.R$color: int grgray
com.sunteam.fmradio.R$color: int header
com.sunteam.fmradio.R$color: int help_button_view
com.sunteam.fmradio.R$color: int help_view
com.sunteam.fmradio.R$color: int lightgreen
com.sunteam.fmradio.R$color: int list_select
com.sunteam.fmradio.R$color: int ltred
com.sunteam.fmradio.R$color: int magenta
com.sunteam.fmradio.R$color: int more_bg
com.sunteam.fmradio.R$color: int notify_background
com.sunteam.fmradio.R$color: int possible_result_points
com.sunteam.fmradio.R$color: int red
com.sunteam.fmradio.R$color: int result_image_border
com.sunteam.fmradio.R$color: int result_minor_text
com.sunteam.fmradio.R$color: int result_points
com.sunteam.fmradio.R$color: int result_text
com.sunteam.fmradio.R$color: int result_view
com.sunteam.fmradio.R$color: int root_common
com.sunteam.fmradio.R$color: int sbc_header_text
com.sunteam.fmradio.R$color: int sbc_header_view
com.sunteam.fmradio.R$color: int sbc_layout_view
com.sunteam.fmradio.R$color: int sbc_list_item
com.sunteam.fmradio.R$dimen
com.sunteam.fmradio.R$dimen: int activity_horizontal_margin
com.sunteam.fmradio.R$dimen: int activity_vertical_margin
com.sunteam.fmradio.R$dimen: int dialog_bottom_padding
com.sunteam.fmradio.R$dimen: int dialog_left_padding
com.sunteam.fmradio.R$dimen: int dialog_right_padding
com.sunteam.fmradio.R$dimen: int dialog_text_size
com.sunteam.fmradio.R$dimen: int dialog_top_padding
com.sunteam.fmradio.R$dimen: int item_text_size
com.sunteam.fmradio.R$dimen: int text_big_size
com.sunteam.fmradio.R$dimen: int text_big_size_px
com.sunteam.fmradio.R$dimen: int text_middle_size
com.sunteam.fmradio.R$dimen: int text_middle_size_px
com.sunteam.fmradio.R$dimen: int text_small_size
com.sunteam.fmradio.R$dimen: int text_small_size_px
com.sunteam.fmradio.R$dimen: int text_super_size_px
com.sunteam.fmradio.R$dimen: int textsize
com.sunteam.fmradio.R$dimen: int title_text_size
com.sunteam.fmradio.R$dimen: R$dimen()
...
android.support.v4.widget.ListPopupWindowCompat$KitKatListPopupWindowImpl
android.support.v4.widget.ListPopupWindowCompat$KitKatListPopupWindowImpl: ListPopupWindowCompat$KitKatListPopupWindowImpl()
android.support.v4.widget.ListPopupWindowCompat$KitKatListPopupWindowImpl: android.view.View$OnTouchListener createDragToOpenListener(java.lang.Object,android.view.View)
android.support.v4.widget.ListPopupWindowCompat$ListPopupWindowImpl
android.support.v4.widget.ListPopupWindowCompat$ListPopupWindowImpl: android.view.View$OnTouchListener createDragToOpenListener(java.lang.Object,android.view.View)
android.support.v4.widget.ListPopupWindowCompatKitKat
android.support.v4.widget.ListPopupWindowCompatKitKat: ListPopupWindowCompatKitKat()
android.support.v4.widget.ListPopupWindowCompatKitKat: android.view.View$OnTouchListener createDragToOpenListener(java.lang.Object,android.view.View)
android.support.v4.widget.ListViewAutoScrollHelper
android.support.v4.widget.ListViewAutoScrollHelper: android.widget.ListView mTarget
android.support.v4.widget.ListViewAutoScrollHelper: ListViewAutoScrollHelper(android.widget.ListView)
android.support.v4.widget.ListViewAutoScrollHelper: void scrollTargetBy(int,int)
android.support.v4.widget.ListViewAutoScrollHelper: boolean canTargetScrollHorizontally(int)
android.support.v4.widget.ListViewAutoScrollHelper: boolean canTargetScrollVertically(int)
android.support.v4.widget.MaterialProgressDrawable
android.support.v4.widget.MaterialProgressDrawable: android.view.animation.Interpolator LINEAR_INTERPOLATOR
android.support.v4.widget.MaterialProgressDrawable: android.view.animation.Interpolator END_CURVE_INTERPOLATOR
android.support.v4.widget.MaterialProgressDrawable: android.view.animation.Interpolator START_CURVE_INTERPOLATOR
android.support.v4.widget.MaterialProgressDrawable: android.view.animation.Interpolator EASE_INTERPOLATOR
android.support.v4.widget.MaterialProgressDrawable: int LARGE
android.support.v4.widget.MaterialProgressDrawable: int DEFAULT
android.support.v4.widget.MaterialProgressDrawable: int CIRCLE_DIAMETER
android.support.v4.widget.MaterialProgressDrawable: float CENTER_RADIUS
android.support.v4.widget.MaterialProgressDrawable: float STROKE_WIDTH
android.support.v4.widget.MaterialProgressDrawable: int CIRCLE_DIAMETER_LARGE
android.support.v4.widget.MaterialProgressDrawable: float CENTER_RADIUS_LARGE
android.support.v4.widget.MaterialProgressDrawable: float STROKE_WIDTH_LARGE
android.support.v4.widget.MaterialProgressDrawable: int[] COLORS
android.support.v4.widget.MaterialProgressDrawable: int ANIMATION_DURATION
android.support.v4.widget.MaterialProgressDrawable: float NUM_POINTS
android.support.v4.widget.MaterialProgressDrawable: java.util.ArrayList mAnimators
android.support.v4.widget.MaterialProgressDrawable: android.support.v4.widget.MaterialProgressDrawable$Ring mRing
android.support.v4.widget.MaterialProgressDrawable$1
android.support.v4.widget.MaterialProgressDrawable$1: android.support.v4.widget.MaterialProgressDrawable$Ring val$ring
android.support.v4.widget.MaterialProgressDrawable$1: android.support.v4.widget.MaterialProgressDrawable this$0
android.support.v4.widget.MaterialProgressDrawable$1: MaterialProgressDrawable$1(android.support.v4.widget.MaterialProgressDrawable,android.support.v4.widget.MaterialProgressDrawable$Ring)
android.support.v4.widget.MaterialProgressDrawable$1: void applyTransformation(float,android.view.animation.Transformation)