FmRadio/proguard/mapping.txt
com.sunteam.fmradio.R -> com.sunteam.fmradio.R:
com.sunteam.fmradio.R$array -> com.sunteam.fmradio.R$array:
    int commoncmd_list -> commoncmd_list
    int fm_audio_chirp -> fm_audio_chirp
    int fm_audio_chirp_vals -> fm_audio_chirp_vals
    int fm_audio_modes -> fm_audio_modes
    int fm_audio_modes_vals -> fm_audio_modes_vals
    int fm_audio_path -> fm_audio_path
    int fm_audio_path_vals -> fm_audio_path_vals
    int fm_bandwidth -> fm_bandwidth
    int fm_bandwidth_vals -> fm_bandwidth_vals
    int fm_deemphasis_times -> fm_deemphasis_times
    int fm_deemphasis_times_vals -> fm_deemphasis_times_vals
    int fm_interface_notification -> fm_interface_notification
    int fm_interface_notification_vals -> fm_interface_notification_vals
    int fm_live_polling_intervals -> fm_live_polling_intervals
    int fm_live_polling_intervals_vals -> fm_live_polling_intervals_vals
    int fm_nfl_modes -> fm_nfl_modes
    int fm_nfl_modes_vals -> fm_nfl_modes_vals
    int fm_preemphasis_times -> fm_preemphasis_times
    int fm_preemphasis_times_vals -> fm_preemphasis_times_vals
    int fm_rds_modes -> fm_rds_modes
    int fm_rds_modes_vals -> fm_rds_modes_vals
    int fm_rds_pty_names -> fm_rds_pty_names
    int fm_scan_steps -> fm_scan_steps
    int fm_scan_steps_vals -> fm_scan_steps_vals
    int fm_setting_list -> fm_setting_list
    int fm_transmit_audio_modes -> fm_transmit_audio_modes
    int fm_transmit_audio_modes_vals -> fm_transmit_audio_modes_vals
    int fm_transmit_audio_path -> fm_transmit_audio_path
com.sunteam.fmradio.R$attr -> com.sunteam.fmradio.R$attr:
com.sunteam.fmradio.R$color -> com.sunteam.fmradio.R$color:
    int bg_color -> bg_color
    int bg_popwindow -> bg_popwindow
    int bg_white -> bg_white
    int black -> black
    int blue -> blue
    int bottom_line -> bottom_line
    int contents_text -> contents_text
    int encode_view -> encode_view
    int green -> green
    int green_center -> green_center
    int grgray -> grgray
    int header -> header
    int help_button_view -> help_button_view
    int help_view -> help_view
    int lightgreen -> lightgreen
    int list_select -> list_select
    int ltred -> ltred
    int magenta -> magenta
    int more_bg -> more_bg
    int notify_background -> notify_background
    int possible_result_points -> possible_result_points
    int red -> red
    int result_image_border -> result_image_border
    int result_minor_text -> result_minor_text
    int result_points -> result_points
    int result_text -> result_text
    int result_view -> result_view
    int root_common -> root_common
    int sbc_header_text -> sbc_header_text
    int sbc_header_view -> sbc_header_view
    int sbc_layout_view -> sbc_layout_view
    int sbc_list_item -> sbc_list_item
    int sbc_page_number_text -> sbc_page_number_text
    int sbc_snippet_text -> sbc_snippet_text
    int share_text -> share_text
    int share_view -> share_view
    int space_line -> space_line
    int status_text -> status_text
    int status_view -> status_view
    int text_bar_grey -> text_bar_grey
com.sunteam.fmradio.R$dimen -> com.sunteam.fmradio.R$dimen:
    int activity_horizontal_margin -> activity_horizontal_margin
    int activity_vertical_margin -> activity_vertical_margin
    int dialog_bottom_padding -> dialog_bottom_padding
    int dialog_left_padding -> dialog_left_padding
    int dialog_right_padding -> dialog_right_padding
    int dialog_text_size -> dialog_text_size
    int dialog_top_padding -> dialog_top_padding
    int item_text_size -> item_text_size
    int text_big_size -> text_big_size
    int text_big_size_px -> text_big_size_px
    int text_middle_size -> text_middle_size
    int text_middle_size_px -> text_middle_size_px
    int text_small_size -> text_small_size
    int text_small_size_px -> text_small_size_px
    int text_super_size_px -> text_super_size_px
    int textsize -> textsize
    int title_text_size -> title_text_size
...
android.support.v4.app.ActivityOptionsCompatJB -> android.support.v4.app.ActivityOptionsCompatJB:
    android.app.ActivityOptions mActivityOptions -> mActivityOptions
    android.support.v4.app.ActivityOptionsCompatJB makeCustomAnimation(android.content.Context,int,int) -> makeCustomAnimation
    android.support.v4.app.ActivityOptionsCompatJB makeScaleUpAnimation(android.view.View,int,int,int,int) -> makeScaleUpAnimation
    android.support.v4.app.ActivityOptionsCompatJB makeThumbnailScaleUpAnimation(android.view.View,android.graphics.Bitmap,int,int) -> makeThumbnailScaleUpAnimation
    android.os.Bundle toBundle() -> toBundle
    void update(android.support.v4.app.ActivityOptionsCompatJB) -> update
android.support.v4.app.BackStackRecord -> android.support.v4.app.BackStackRecord:
    java.lang.String TAG -> TAG
    android.support.v4.app.FragmentManagerImpl mManager -> mManager
    int OP_NULL -> OP_NULL
    int OP_ADD -> OP_ADD
    int OP_REPLACE -> OP_REPLACE
    int OP_REMOVE -> OP_REMOVE
    int OP_HIDE -> OP_HIDE
    int OP_SHOW -> OP_SHOW
    int OP_DETACH -> OP_DETACH
    int OP_ATTACH -> OP_ATTACH
    android.support.v4.app.BackStackRecord$Op mHead -> mHead
    android.support.v4.app.BackStackRecord$Op mTail -> mTail
    int mNumOp -> mNumOp
    int mEnterAnim -> mEnterAnim
    int mExitAnim -> mExitAnim
    int mPopEnterAnim -> mPopEnterAnim
    int mPopExitAnim -> mPopExitAnim
    int mTransition -> mTransition
    int mTransitionStyle -> mTransitionStyle
    boolean mAddToBackStack -> mAddToBackStack
    boolean mAllowAddToBackStack -> mAllowAddToBackStack
    java.lang.String mName -> mName
    boolean mCommitted -> mCommitted
    int mIndex -> mIndex
    int mBreadCrumbTitleRes -> mBreadCrumbTitleRes
    java.lang.CharSequence mBreadCrumbTitleText -> mBreadCrumbTitleText
    int mBreadCrumbShortTitleRes -> mBreadCrumbShortTitleRes
    java.lang.CharSequence mBreadCrumbShortTitleText -> mBreadCrumbShortTitleText
    java.util.ArrayList mSharedElementSourceNames -> mSharedElementSourceNames
    java.util.ArrayList mSharedElementTargetNames -> mSharedElementTargetNames
    java.lang.String toString() -> toString
android.support.v4.app.BackStackRecord$1 -> android.support.v4.app.BackStackRecord$1:
    android.support.v4.app.Fragment val$inFragment -> val$inFragment
    android.support.v4.app.BackStackRecord this$0 -> this$0
    android.view.View getView() -> getView
android.support.v4.app.BackStackRecord$2 -> android.support.v4.app.BackStackRecord$2:
    android.view.View val$sceneRoot -> val$sceneRoot
    java.lang.Object val$sharedElementTransition -> val$sharedElementTransition
    java.util.ArrayList val$sharedElementTargets -> val$sharedElementTargets
    android.support.v4.app.BackStackRecord$TransitionState val$state -> val$state
    boolean val$isBack -> val$isBack
    android.support.v4.app.Fragment val$inFragment -> val$inFragment
    android.support.v4.app.Fragment val$outFragment -> val$outFragment
    android.support.v4.app.BackStackRecord this$0 -> this$0
    boolean onPreDraw() -> onPreDraw
android.support.v4.app.BackStackRecord$3 -> android.support.v4.app.BackStackRecord$3:
    android.view.View val$sceneRoot -> val$sceneRoot
    android.support.v4.app.BackStackRecord$TransitionState val$state -> val$state
    int val$containerId -> val$containerId
    java.lang.Object val$transition -> val$transition
    android.support.v4.app.BackStackRecord this$0 -> this$0
    boolean onPreDraw() -> onPreDraw
android.support.v4.app.BackStackRecord$Op -> android.support.v4.app.BackStackRecord$Op:
    android.support.v4.app.BackStackRecord$Op next -> next
    android.support.v4.app.BackStackRecord$Op prev -> prev
    int cmd -> cmd
    android.support.v4.app.Fragment fragment -> fragment
    int enterAnim -> enterAnim
    int exitAnim -> exitAnim
    int popEnterAnim -> popEnterAnim
    int popExitAnim -> popExitAnim
    java.util.ArrayList removed -> removed