FmRadio/proguard/usage.txt
com.sunteam.fmradio.BuildConfig
com.sunteam.fmradio.Manifest
com.sunteam.fmradio.Manifest$permission
com.sunteam.fmradio.R:
    10:10:public R()
com.sunteam.fmradio.activity.FmRadio:
    public static final java.lang.String PLAYSTATE_CHANGED
    private static final int GUI_UPDATE_MSG_SIGNAL_STATUS
    private static final int GUI_UPDATE_MSG_MUTE_STATUS
    private static final int GUI_UPDATE_MSG_FREQ_STATUS
    private static final int GUI_UPDATE_MSG_WORLD_STATUS
    private static final int GUI_UPDATE_MSG_RDS_STATUS
    private static final int GUI_UPDATE_MSG_AF_STATUS
    private static final int GUI_UPDATE_MSG_RDS_DATA
    private static final int GUI_GET_NEXT_CHANEL
    private static final int GUI_UPDTAE_CHANEL
    private static final int GUI_UPDTAE_LIST
    private static final int SIGNAL_CHECK_PENDING_EVENTS
    private static final int NFL_TIMER_EVENT
    private static final int MENU_CH_SET
    private static final int MENU_CH_CLEAR
    private static final int MENU_CH_CANCEL
    private static final int DEFAULT_FREQUENCY
    private static final int DEFAULT_RADIO_FREQUENCY
    private static final java.lang.String freqPreferenceKey
    private static final java.lang.String lastFreqPreferenceKey
    android.telephony.TelephonyManager mTelephonyManager
    private com.sunteam.fmradio.activity.FmRadio$MyPhoneStateListener mPhoneStateListener
    private android.content.Context mContext
    373:391:private void doSoundEffect(boolean)
    877:897:private void updateScanStep(android.content.SharedPreferences)
    922:933:private void updateAudioMode(android.content.SharedPreferences)
com.sunteam.fmradio.activity.FmRadio$6
com.sunteam.fmradio.activity.FmRadio$MyPhoneStateListener
com.sunteam.fmradio.dao.DBOpenHelper:
    private static final int VERSION
    private static final java.lang.String table_cmd
com.sunteam.fmradio.dao.FmInfo:
    16:21:public FmInfo(int,int)
    30:31:public void setid(int)
    41:42:public void setPath(int)
com.sunteam.fmradio.dao.GetDbInfo:
    51:59:public void update(com.sunteam.fmradio.dao.FmInfo,android.R$string)
    69:96:public com.sunteam.fmradio.dao.FmInfo find(int,java.lang.String)
    258:271:public int getMinId(java.lang.String)
com.sunteam.fmradio.rx.CyclingPreference:
    67:69:public CyclingPreference(android.content.Context)
com.sunteam.fmradio.rx.FmRadioFrequencySlider:
    public static final int FREQ_STEP
    101:108:public void setFrequencyRange(int,int)
com.sunteam.fmradio.rx.FmReceiveView:
    private static final java.lang.String TAG
    private static final boolean DEBUG
    private java.lang.String rdsPs
    private java.lang.String rdsRt
    private java.lang.String rdsPty
    private java.lang.String rdsPtyn
    private android.widget.TextView rdsPsView
    private android.widget.TextView rdsRtView
    private android.widget.TextView rdsPtyView
    private android.widget.TextView rdsPtynView
    private android.widget.ImageView rssiStateView
    private android.widget.ImageView rdsStateView
    private android.widget.ImageView afStateView
    127:198:public void init(com.sunteam.fmradio.rx.IRadioViewRxTouchEventHandler)
    389:389:public synchronized void resetRdsText()
    403:421:public synchronized void setRdsText(int,int,java.lang.String)
    425:425:public void setMinMaxFrequencies(int,int)
    438:438:public synchronized void setSeekStatus(boolean,boolean)
com.sunteam.fmradio.rx.IRadioViewRxTouchEventHandler:
    public abstract void clearChannel(int)
com.sunteam.fmradio.utils.FmConstants
com.sunteam.fmradio.utils.FmSnrThresholdBar:
    private static final java.lang.String TAG
    public static final int FM_MAX_SNR
    public static final int FM_DEFAULT_SNR
    46:48:public FmSnrThresholdBar(android.content.Context)
    119:119:public int getMax()
    127:127:public int getProgress()
    138:139:public void setOffset(int)
...
android.support.annotation.AnimRes
android.support.annotation.AnimatorRes
android.support.annotation.AnyRes
android.support.annotation.ArrayRes
android.support.annotation.AttrRes
android.support.annotation.BoolRes
android.support.annotation.ColorRes
android.support.annotation.DimenRes
android.support.annotation.DrawableRes
android.support.annotation.FractionRes
android.support.annotation.IdRes
android.support.annotation.IntDef
android.support.annotation.IntegerRes
android.support.annotation.InterpolatorRes
android.support.annotation.LayoutRes
android.support.annotation.MenuRes
android.support.annotation.NonNull
android.support.annotation.Nullable
android.support.annotation.PluralsRes
android.support.annotation.RawRes
android.support.annotation.StringDef
android.support.annotation.StringRes
android.support.annotation.StyleRes
android.support.annotation.StyleableRes
android.support.annotation.XmlRes
com.sunteam.sunteamutilslib.R:
    9:9:public R()